build/intermediates/manifest_merge_blame_file/release/manifest-merger-blame-release-report.txt
1<?xml version="1.0" encoding="utf-8"?>
2<!--
3  ~   ColorSheet
4  ~
5  ~   Copyright (c) 2019. Sasikanth Miriyampalli
6  ~
7  ~   Licensed under the Apache License, Version 2.0 (the "License");
8  ~   you may not use this file except in compliance with the License.
9  ~   You may obtain a copy of the License at
10  ~
11  ~      http://www.apache.org/licenses/LICENSE-2.0
12  ~
13  ~   Unless required by applicable law or agreed to in writing, software
14  ~   distributed under the License is distributed on an "AS IS" BASIS,
15  ~   WITHOUT WARRANTIES OR CONDITIONS OF ANY KIND, either express or implied.
16  ~   See the License for the specific language governing permissions and
17  ~   limitations under the License.
18  ~
19-->
20<manifest xmlns:android="http://schemas.android.com/apk/res/android"
21    package="com.jakewharton.disklrucache"
22    android:versionCode="1"
23    android:versionName="1.0.0" >
24
25    <uses-sdk
26        android:minSdkVersion="21"
26-->src\main\AndroidManifest.xml
27        android:targetSdkVersion="29" />
27-->src\main\AndroidManifest.xml
28
29</manifest>